<?xml version="1.0" encoding="UTF-8"?>
<!-- Generated by org.testng.reporters.JUnitReportReporter -->
<testsuite hostname="LAPTOP-MVBLOJCL" failures="0" tests="1" name="com.testSignin.ProductTest" time="59.911" errors="0" timestamp="2024-12-18T12:33:57 GMT+03:00" skipped="0">
  <testcase classname="com.testSignin.ProductTest" name="Productcolor" time="59.911"/>
  <system-out/>
</testsuite> <!-- com.testSignin.ProductTest -->
